# JRE version: Java(TM) SE Runtime Environment (8.0_40-b05) (build 1.8.0_40-ea-b05)
# Java VM: Java HotSpot(TM) 64-Bit Server VM (25.40-b09 mixed mode bsd-amd64 compressed oops)
Heap:
 PSYoungGen      total 420352K, used 32350K [0x00000007a0000000, 0x00000007bd400000, 0x00000007c0000000)
  eden space 403968K, 4% used [0x00000007a0000000,0x00000007a0ff5e78,0x00000007b8a80000)
  from space 16384K, 97% used [0x00000007bc400000,0x00000007bd3a1aa8,0x00000007bd400000)
  to   space 23040K, 0% used [0x00000007ba700000,0x00000007ba700000,0x00000007bbd80000)
 ParOldGen       total 211968K, used 73118K [0x0000000760000000, 0x000000076cf00000, 0x00000007a0000000)
  object space 211968K, 34% used [0x0000000760000000,0x0000000764767b28,0x000000076cf00000)
 Metaspace       used 88555K, capacity 100690K, committed 100736K, reserved 1134592K
  class space    used 11482K, capacity 14715K, committed 14720K, reserved 1048576K
GC Heap History (10 events):
Event: 13282.292 GC heap before
{Heap before GC invocations=91 (full 5):
 PSYoungGen      total 493568K, used 483152K [0x00000007a0000000, 0x00000007bff00000, 0x00000007c0000000)
  eden space 467968K, 100% used [0x00000007a0000000,0x00000007bc900000,0x00000007bc900000)
  from space 25600K, 59% used [0x00000007bc900000,0x00000007bd7d41d0,0x00000007be200000)
  to   space 24576K, 0% used [0x00000007be700000,0x00000007be700000,0x00000007bff00000)
 ParOldGen       total 211968K, used 71230K [0x0000000760000000, 0x000000076cf00000, 0x00000007a0000000)
  object space 211968K, 33% used [0x0000000760000000,0x000000076458f9e8,0x000000076cf00000)
 Metaspace       used 87233K, capacity 98842K, committed 98944K, reserved 1134592K
  class space    used 11310K, capacity 14405K, committed 14464K, reserved 1048576K
Event: 13282.526 GC heap after
Heap after GC invocations=91 (full 5):
 PSYoungGen      total 496640K, used 14763K [0x00000007a0000000, 0x00000007bfd00000, 0x00000007c0000000)
  eden space 474112K, 0% used [0x00000007a0000000,0x00000007a0000000,0x00000007bcf00000)
  from space 22528K, 65% used [0x00000007be700000,0x00000007bf56ad60,0x00000007bfd00000)
  to   space 23552K, 0% used [0x00000007bcf00000,0x00000007bcf00000,0x00000007be600000)
 ParOldGen       total 211968K, used 71545K [0x0000000760000000, 0x000000076cf00000, 0x00000007a0000000)
  object space 211968K, 33% used [0x0000000760000000,0x00000007645de788,0x000000076cf00000)
 Metaspace       used 87233K, capacity 98842K, committed 98944K, reserved 1134592K
  class space    used 11310K, capacity 14405K, committed 14464K, reserved 1048576K
}
Event: 14021.113 GC heap before
{Heap before GC invocations=92 (full 5):
 PSYoungGen      total 496640K, used 488875K [0x00000007a0000000, 0x00000007bfd00000, 0x00000007c0000000)
  eden space 474112K, 100% used [0x00000007a0000000,0x00000007bcf00000,0x00000007bcf00000)
  from space 22528K, 65% used [0x00000007be700000,0x00000007bf56ad60,0x00000007bfd00000)
  to   space 23552K, 0% used [0x00000007bcf00000,0x00000007bcf00000,0x00000007be600000)
 ParOldGen       total 211968K, used 71545K [0x0000000760000000, 0x000000076cf00000, 0x00000007a0000000)
  object space 211968K, 33% used [0x0000000760000000,0x00000007645de788,0x000000076cf00000)
 Metaspace       used 87851K, capacity 99724K, committed 99968K, reserved 1134592K
  class space    used 11437K, capacity 14612K, committed 14720K, reserved 1048576K
Event: 14021.266 GC heap after
Heap after GC invocations=92 (full 5):
 PSYoungGen      total 466432K, used 11247K [0x00000007a0000000, 0x00000007bea80000, 0x00000007c0000000)
  eden space 455168K, 0% used [0x00000007a0000000,0x00000007a0000000,0x00000007bbc80000)
  from space 11264K, 99% used [0x00000007bcf00000,0x00000007bd9fbd38,0x00000007bda00000)
  to   space 16896K, 0% used [0x00000007bda00000,0x00000007bda00000,0x00000007bea80000)
 ParOldGen       total 211968K, used 71985K [0x0000000760000000, 0x000000076cf00000, 0x00000007a0000000)
  object space 211968K, 33% used [0x0000000760000000,0x000000076464c4f8,0x000000076cf00000)
 Metaspace       used 87851K, capacity 99724K, committed 99968K, reserved 1134592K
  class space    used 11437K, capacity 14612K, committed 14720K, reserved 1048576K
}
Event: 14473.821 GC heap before
{Heap before GC invocations=93 (full 5):
 PSYoungGen      total 466432K, used 466415K [0x00000007a0000000, 0x00000007bea80000, 0x00000007c0000000)
  eden space 455168K, 100% used [0x00000007a0000000,0x00000007bbc80000,0x00000007bbc80000)
  from space 11264K, 99% used [0x00000007bcf00000,0x00000007bd9fbd38,0x00000007bda00000)
  to   space 16896K, 0% used [0x00000007bda00000,0x00000007bda00000,0x00000007bea80000)
 ParOldGen       total 211968K, used 71985K [0x0000000760000000, 0x000000076cf00000, 0x00000007a0000000)
  object space 211968K, 33% used [0x0000000760000000,0x000000076464c4f8,0x000000076cf00000)
 Metaspace       used 87971K, capacity 99924K, committed 100224K, reserved 1134592K
  class space    used 11448K, capacity 14652K, committed 14720K, reserved 1048576K
Event: 14474.146 GC heap after
Heap after GC invocations=93 (full 5):
 PSYoungGen      total 449536K, used 11852K [0x00000007a0000000, 0x00000007be600000, 0x00000007c0000000)
  eden space 437248K, 0% used [0x00000007a0000000,0x00000007a0000000,0x00000007bab00000)
  from space 12288K, 96% used [0x00000007bda00000,0x00000007be593320,0x00000007be600000)
  to   space 23040K, 0% used [0x00000007bb900000,0x00000007bb900000,0x00000007bcf80000)
 ParOldGen       total 211968K, used 72308K [0x0000000760000000, 0x000000076cf00000, 0x00000007a0000000)
  object space 211968K, 34% used [0x0000000760000000,0x000000076469d268,0x000000076cf00000)
 Metaspace       used 87971K, capacity 99924K, committed 100224K, reserved 1134592K
  class space    used 11448K, capacity 14652K, committed 14720K, reserved 1048576K
}
Event: 17199.481 GC heap before
{Heap before GC invocations=94 (full 5):
 PSYoungGen      total 449536K, used 449100K [0x00000007a0000000, 0x00000007be600000, 0x00000007c0000000)
  eden space 437248K, 100% used [0x00000007a0000000,0x00000007bab00000,0x00000007bab00000)
  from space 12288K, 96% used [0x00000007bda00000,0x00000007be593320,0x00000007be600000)
  to   space 23040K, 0% used [0x00000007bb900000,0x00000007bb900000,0x00000007bcf80000)
 ParOldGen       total 211968K, used 72308K [0x0000000760000000, 0x000000076cf00000, 0x00000007a0000000)
  object space 211968K, 34% used [0x0000000760000000,0x000000076469d268,0x000000076cf00000)
 Metaspace       used 87976K, capacity 99924K, committed 100224K, reserved 1134592K
  class space    used 11448K, capacity 14652K, committed 14720K, reserved 1048576K
Event: 17200.294 GC heap after
Heap after GC invocations=94 (full 5):
 PSYoungGen      total 429568K, used 9185K [0x00000007a0000000, 0x00000007bda80000, 0x00000007c0000000)
  eden space 420352K, 0% used [0x00000007a0000000,0x00000007a0000000,0x00000007b9a80000)
  from space 9216K, 99% used [0x00000007bb900000,0x00000007bc1f8748,0x00000007bc200000)
  to   space 23040K, 0% used [0x00000007bc400000,0x00000007bc400000,0x00000007bda80000)
 ParOldGen       total 211968K, used 72768K [0x0000000760000000, 0x000000076cf00000, 0x00000007a0000000)
  object space 211968K, 34% used [0x0000000760000000,0x0000000764710018,0x000000076cf00000)
 Metaspace       used 87976K, capacity 99924K, committed 100224K, reserved 1134592K
  class space    used 11448K, capacity 14652K, committed 14720K, reserved 1048576K
}
Event: 20470.745 GC heap before
{Heap before GC invocations=95 (full 5):
 PSYoungGen      total 429568K, used 429537K [0x00000007a0000000, 0x00000007bda80000, 0x00000007c0000000)
  eden space 420352K, 100% used [0x00000007a0000000,0x00000007b9a80000,0x00000007b9a80000)
  from space 9216K, 99% used [0x00000007bb900000,0x00000007bc1f8748,0x00000007bc200000)
  to   space 23040K, 0% used [0x00000007bc400000,0x00000007bc400000,0x00000007bda80000)
 ParOldGen       total 211968K, used 72768K [0x0000000760000000, 0x000000076cf00000, 0x00000007a0000000)
  object space 211968K, 34% used [0x0000000760000000,0x0000000764710018,0x000000076cf00000)
 Metaspace       used 88532K, capacity 100690K, committed 100736K, reserved 1134592K
  class space    used 11482K, capacity 14715K, committed 14720K, reserved 1048576K
Event: 20471.145 GC heap after
Heap after GC invocations=95 (full 5):
 PSYoungGen      total 420352K, used 16006K [0x00000007a0000000, 0x00000007bd400000, 0x00000007c0000000)
  eden space 403968K, 0% used [0x00000007a0000000,0x00000007a0000000,0x00000007b8a80000)
  from space 16384K, 97% used [0x00000007bc400000,0x00000007bd3a1aa8,0x00000007bd400000)
  to   space 23040K, 0% used [0x00000007ba700000,0x00000007ba700000,0x00000007bbd80000)
 ParOldGen       total 211968K, used 73118K [0x0000000760000000, 0x000000076cf00000, 0x00000007a0000000)
  object space 211968K, 34% used [0x0000000760000000,0x0000000764767b28,0x000000076cf00000)
 Metaspace       used 88532K, capacity 100690K, committed 100736K, reserved 1134592K
  class space    used 11482K, capacity 14715K, committed 14720K, reserved 1048576K
}

