# JRE version: Java(TM) SE Runtime Environment (8.0_40-b05) (build 1.8.0_40-ea-b05)
# Java VM: Java HotSpot(TM) 64-Bit Server VM (25.40-b09 mixed mode bsd-amd64 compressed oops)
Heap:
 PSYoungGen      total 432640K, used 144149K [0x00000007a0000000, 0x00000007bf680000, 0x00000007c0000000)
  eden space 354816K, 27% used [0x00000007a0000000,0x00000007a5e5c500,0x00000007b5a80000)
  from space 77824K, 61% used [0x00000007baa80000,0x00000007bd8e8fd8,0x00000007bf680000)
  to   space 79872K, 0% used [0x00000007b5a80000,0x00000007b5a80000,0x00000007ba880000)
 ParOldGen       total 258048K, used 185970K [0x0000000760000000, 0x000000076fc00000, 0x00000007a0000000)
  object space 258048K, 72% used [0x0000000760000000,0x000000076b59c8f0,0x000000076fc00000)
 Metaspace       used 97934K, capacity 109908K, committed 109952K, reserved 1144832K
  class space    used 12519K, capacity 15487K, committed 15488K, reserved 1048576K
GC Heap History (10 events):
Event: 8160.970 GC heap before
{Heap before GC invocations=102 (full 6):
 PSYoungGen      total 415232K, used 357005K [0x00000007a0000000, 0x00000007bf980000, 0x00000007c0000000)
  eden space 321024K, 100% used [0x00000007a0000000,0x00000007b3980000,0x00000007b3980000)
  from space 94208K, 38% used [0x00000007b3980000,0x00000007b5ca3450,0x00000007b9580000)
  to   space 90112K, 0% used [0x00000007ba180000,0x00000007ba180000,0x00000007bf980000)
 ParOldGen       total 258048K, used 184274K [0x0000000760000000, 0x000000076fc00000, 0x00000007a0000000)
  object space 258048K, 71% used [0x0000000760000000,0x000000076b3f4890,0x000000076fc00000)
 Metaspace       used 97691K, capacity 109334K, committed 109568K, reserved 1142784K
  class space    used 12479K, capacity 15358K, committed 15360K, reserved 1048576K
Event: 8161.074 GC heap after
Heap after GC invocations=102 (full 6):
 PSYoungGen      total 428032K, used 48790K [0x00000007a0000000, 0x00000007bf800000, 0x00000007c0000000)
  eden space 339456K, 0% used [0x00000007a0000000,0x00000007a0000000,0x00000007b4b80000)
  from space 88576K, 55% used [0x00000007ba180000,0x00000007bd125a58,0x00000007bf800000)
  to   space 88064K, 0% used [0x00000007b4b80000,0x00000007b4b80000,0x00000007ba180000)
 ParOldGen       total 258048K, used 185086K [0x0000000760000000, 0x000000076fc00000, 0x00000007a0000000)
  object space 258048K, 71% used [0x0000000760000000,0x000000076b4bf8b0,0x000000076fc00000)
 Metaspace       used 97691K, capacity 109334K, committed 109568K, reserved 1142784K
  class space    used 12479K, capacity 15358K, committed 15360K, reserved 1048576K
}
Event: 8193.600 GC heap before
{Heap before GC invocations=103 (full 6):
 PSYoungGen      total 428032K, used 388246K [0x00000007a0000000, 0x00000007bf800000, 0x00000007c0000000)
  eden space 339456K, 100% used [0x00000007a0000000,0x00000007b4b80000,0x00000007b4b80000)
  from space 88576K, 55% used [0x00000007ba180000,0x00000007bd125a58,0x00000007bf800000)
  to   space 88064K, 0% used [0x00000007b4b80000,0x00000007b4b80000,0x00000007ba180000)
 ParOldGen       total 258048K, used 185086K [0x0000000760000000, 0x000000076fc00000, 0x00000007a0000000)
  object space 258048K, 71% used [0x0000000760000000,0x000000076b4bf8b0,0x000000076fc00000)
 Metaspace       used 97783K, capacity 109582K, committed 109696K, reserved 1142784K
  class space    used 12495K, capacity 15406K, committed 15488K, reserved 1048576K
Event: 8193.709 GC heap after
Heap after GC invocations=103 (full 6):
 PSYoungGen      total 427520K, used 40461K [0x00000007a0000000, 0x00000007bf780000, 0x00000007c0000000)
  eden space 339456K, 0% used [0x00000007a0000000,0x00000007a0000000,0x00000007b4b80000)
  from space 88064K, 45% used [0x00000007b4b80000,0x00000007b7303470,0x00000007ba180000)
  to   space 83968K, 0% used [0x00000007ba580000,0x00000007ba580000,0x00000007bf780000)
 ParOldGen       total 258048K, used 185954K [0x0000000760000000, 0x000000076fc00000, 0x00000007a0000000)
  object space 258048K, 72% used [0x0000000760000000,0x000000076b5988f0,0x000000076fc00000)
 Metaspace       used 97783K, capacity 109582K, committed 109696K, reserved 1142784K
  class space    used 12495K, capacity 15406K, committed 15488K, reserved 1048576K
}
Event: 8298.892 GC heap before
{Heap before GC invocations=104 (full 6):
 PSYoungGen      total 427520K, used 379917K [0x00000007a0000000, 0x00000007bf780000, 0x00000007c0000000)
  eden space 339456K, 100% used [0x00000007a0000000,0x00000007b4b80000,0x00000007b4b80000)
  from space 88064K, 45% used [0x00000007b4b80000,0x00000007b7303470,0x00000007ba180000)
  to   space 83968K, 0% used [0x00000007ba580000,0x00000007ba580000,0x00000007bf780000)
 ParOldGen       total 258048K, used 185954K [0x0000000760000000, 0x000000076fc00000, 0x00000007a0000000)
  object space 258048K, 72% used [0x0000000760000000,0x000000076b5988f0,0x000000076fc00000)
 Metaspace       used 97843K, capacity 109702K, committed 109952K, reserved 1144832K
  class space    used 12507K, capacity 15446K, committed 15488K, reserved 1048576K
Event: 8299.268 GC heap after
Heap after GC invocations=104 (full 6):
 PSYoungGen      total 429056K, used 61220K [0x00000007a0000000, 0x00000007c0000000, 0x00000007c0000000)
  eden space 345088K, 0% used [0x00000007a0000000,0x00000007a0000000,0x00000007b5100000)
  from space 83968K, 72% used [0x00000007ba580000,0x00000007be149358,0x00000007bf780000)
  to   space 86528K, 0% used [0x00000007b5100000,0x00000007b5100000,0x00000007ba580000)
 ParOldGen       total 258048K, used 185962K [0x0000000760000000, 0x000000076fc00000, 0x00000007a0000000)
  object space 258048K, 72% used [0x0000000760000000,0x000000076b59a8f0,0x000000076fc00000)
 Metaspace       used 97843K, capacity 109702K, committed 109952K, reserved 1144832K
  class space    used 12507K, capacity 15446K, committed 15488K, reserved 1048576K
}
Event: 8302.049 GC heap before
{Heap before GC invocations=105 (full 6):
 PSYoungGen      total 429056K, used 405859K [0x00000007a0000000, 0x00000007c0000000, 0x00000007c0000000)
  eden space 345088K, 99% used [0x00000007a0000000,0x00000007b508fb10,0x00000007b5100000)
  from space 83968K, 72% used [0x00000007ba580000,0x00000007be149358,0x00000007bf780000)
  to   space 86528K, 0% used [0x00000007b5100000,0x00000007b5100000,0x00000007ba580000)
 ParOldGen       total 258048K, used 185962K [0x0000000760000000, 0x000000076fc00000, 0x00000007a0000000)
  object space 258048K, 72% used [0x0000000760000000,0x000000076b59a8f0,0x000000076fc00000)
 Metaspace       used 97850K, capacity 109702K, committed 109952K, reserved 1144832K
  class space    used 12507K, capacity 15446K, committed 15488K, reserved 1048576K
Event: 8302.123 GC heap after
Heap after GC invocations=105 (full 6):
 PSYoungGen      total 431616K, used 42906K [0x00000007a0000000, 0x00000007bfb80000, 0x00000007c0000000)
  eden space 345088K, 0% used [0x00000007a0000000,0x00000007a0000000,0x00000007b5100000)
  from space 86528K, 49% used [0x00000007b5100000,0x00000007b7ae6a60,0x00000007ba580000)
  to   space 82944K, 0% used [0x00000007baa80000,0x00000007baa80000,0x00000007bfb80000)
 ParOldGen       total 258048K, used 185962K [0x0000000760000000, 0x000000076fc00000, 0x00000007a0000000)
  object space 258048K, 72% used [0x0000000760000000,0x000000076b59a8f0,0x000000076fc00000)
 Metaspace       used 97850K, capacity 109702K, committed 109952K, reserved 1144832K
  class space    used 12507K, capacity 15446K, committed 15488K, reserved 1048576K
}
Event: 8305.236 GC heap before
{Heap before GC invocations=106 (full 6):
 PSYoungGen      total 431616K, used 387931K [0x00000007a0000000, 0x00000007bfb80000, 0x00000007c0000000)
  eden space 345088K, 99% used [0x00000007a0000000,0x00000007b50f0590,0x00000007b5100000)
  from space 86528K, 49% used [0x00000007b5100000,0x00000007b7ae6a60,0x00000007ba580000)
  to   space 82944K, 0% used [0x00000007baa80000,0x00000007baa80000,0x00000007bfb80000)
 ParOldGen       total 258048K, used 185962K [0x0000000760000000, 0x000000076fc00000, 0x00000007a0000000)
  object space 258048K, 72% used [0x0000000760000000,0x000000076b59a8f0,0x000000076fc00000)
 Metaspace       used 97886K, capacity 109724K, committed 109952K, reserved 1144832K
  class space    used 12508K, capacity 15447K, committed 15488K, reserved 1048576K
Event: 8305.275 GC heap after
Heap after GC invocations=106 (full 6):
 PSYoungGen      total 432640K, used 47523K [0x00000007a0000000, 0x00000007bf680000, 0x00000007c0000000)
  eden space 354816K, 0% used [0x00000007a0000000,0x00000007a0000000,0x00000007b5a80000)
  from space 77824K, 61% used [0x00000007baa80000,0x00000007bd8e8fd8,0x00000007bf680000)
  to   space 79872K, 0% used [0x00000007b5a80000,0x00000007b5a80000,0x00000007ba880000)
 ParOldGen       total 258048K, used 185970K [0x0000000760000000, 0x000000076fc00000, 0x00000007a0000000)
  object space 258048K, 72% used [0x0000000760000000,0x000000076b59c8f0,0x000000076fc00000)
 Metaspace       used 97886K, capacity 109724K, committed 109952K, reserved 1144832K
  class space    used 12508K, capacity 15447K, committed 15488K, reserved 1048576K
}

